
[2023-07-31 16:00:33] Текст ошибки: Страница не найдена | Файл: C:\OSPanel\domains\new-ishop.Ioc\vendor\wfm\Router.php | Строка: 33
=================
[2023-07-31 16:30:03] Текст ошибки: Страница не найдена | Файл: C:\OSPanel\domains\new-ishop.Ioc\vendor\wfm\Router.php | Строка: 33
=================
[2023-07-31 16:32:15] Текст ошибки: Страница не найдена | Файл: C:\OSPanel\domains\new-ishop.Ioc\vendor\wfm\Router.php | Строка: 33
=================
[2023-07-31 16:32:16] Текст ошибки: Страница не найдена | Файл: C:\OSPanel\domains\new-ishop.Ioc\vendor\wfm\Router.php | Строка: 33
=================
[2023-07-31 16:32:16] Текст ошибки: Страница не найдена | Файл: C:\OSPanel\domains\new-ishop.Ioc\vendor\wfm\Router.php | Строка: 33
=================
[2023-07-31 16:32:17] Текст ошибки: Страница не найдена | Файл: C:\OSPanel\domains\new-ishop.Ioc\vendor\wfm\Router.php | Строка: 33
=================
[2023-07-31 16:32:17] Текст ошибки: Страница не найдена | Файл: C:\OSPanel\domains\new-ishop.Ioc\vendor\wfm\Router.php | Строка: 33
=================
[2023-07-31 16:33:15] Текст ошибки: Страница не найдена | Файл: C:\OSPanel\domains\new-ishop.Ioc\vendor\wfm\Router.php | Строка: 34
=================
[2023-07-31 16:33:16] Текст ошибки: Страница не найдена | Файл: C:\OSPanel\domains\new-ishop.Ioc\vendor\wfm\Router.php | Строка: 34
=================
[2023-07-31 16:33:16] Текст ошибки: Страница не найдена | Файл: C:\OSPanel\domains\new-ishop.Ioc\vendor\wfm\Router.php | Строка: 34
=================
[2023-07-31 16:33:16] Текст ошибки: Страница не найдена | Файл: C:\OSPanel\domains\new-ishop.Ioc\vendor\wfm\Router.php | Строка: 34
=================
[2023-07-31 16:42:30] Текст ошибки: Страница не найдена | Файл: C:\OSPanel\domains\new-ishop.Ioc\vendor\wfm\Router.php | Строка: 34
=================
[2023-07-31 16:42:44] Текст ошибки: Страница не найдена | Файл: C:\OSPanel\domains\new-ishop.Ioc\vendor\wfm\Router.php | Строка: 34
=================
[2023-07-31 16:42:46] Текст ошибки: Страница не найдена | Файл: C:\OSPanel\domains\new-ishop.Ioc\vendor\wfm\Router.php | Строка: 34
=================
[2023-07-31 17:01:09] Текст ошибки: Страница не найдена | Файл: C:\OSPanel\domains\new-ishop.Ioc\vendor\wfm\Router.php | Строка: 45
=================
[2023-07-31 17:01:28] Текст ошибки: Контроллер app\controllers\MainController не найден | Файл: C:\OSPanel\domains\new-ishop.Ioc\vendor\wfm\Router.php | Строка: 38
=================
[2023-08-01 10:13:07] Текст ошибки: Typed property wfm\Controller::$model must not be accessed before initialization | Файл: C:\OSPanel\domains\new-ishop.Ioc\app\controllers\MainController.php | Строка: 10
=================
[2023-08-01 12:59:11] Текст ошибки: не найден шаблон C:\OSPanel\domains\new-ishop.Ioc/app/views/layouts/.php | Файл: C:\OSPanel\domains\new-ishop.Ioc\vendor\wfm\View.php | Строка: 39
=================
[2023-08-01 13:01:48] Текст ошибки: не найден шаблон C:\OSPanel\domains\new-ishop.Ioc/app/views/layouts/.php | Файл: C:\OSPanel\domains\new-ishop.Ioc\vendor\wfm\View.php | Строка: 39
=================
[2023-08-01 13:01:50] Текст ошибки: не найден шаблон C:\OSPanel\domains\new-ishop.Ioc/app/views/layouts/.php | Файл: C:\OSPanel\domains\new-ishop.Ioc\vendor\wfm\View.php | Строка: 39
=================
[2023-08-01 13:02:45] Текст ошибки: не найден шаблон C:\OSPanel\domains\new-ishop.Ioc/app/views/layouts/.php | Файл: C:\OSPanel\domains\new-ishop.Ioc\vendor\wfm\View.php | Строка: 39
=================
[2023-08-01 13:04:34] Текст ошибки: не найден шаблон C:\OSPanel\domains\new-ishop.Ioc/app/views/layouts/.php | Файл: C:\OSPanel\domains\new-ishop.Ioc\vendor\wfm\View.php | Строка: 39
=================
[2023-08-01 13:04:35] Текст ошибки: не найден шаблон C:\OSPanel\domains\new-ishop.Ioc/app/views/layouts/.php | Файл: C:\OSPanel\domains\new-ishop.Ioc\vendor\wfm\View.php | Строка: 39
=================
[2023-08-01 13:04:35] Текст ошибки: не найден шаблон C:\OSPanel\domains\new-ishop.Ioc/app/views/layouts/.php | Файл: C:\OSPanel\domains\new-ishop.Ioc\vendor\wfm\View.php | Строка: 39
=================
[2023-08-01 13:04:35] Текст ошибки: не найден шаблон C:\OSPanel\domains\new-ishop.Ioc/app/views/layouts/.php | Файл: C:\OSPanel\domains\new-ishop.Ioc\vendor\wfm\View.php | Строка: 39
=================
[2023-08-01 13:05:48] Текст ошибки: не найден шаблон C:\OSPanel\domains\new-ishop.Ioc/app/views/layouts/.php | Файл: C:\OSPanel\domains\new-ishop.Ioc\vendor\wfm\View.php | Строка: 39
=================
